<?xml version="1.0" encoding="UTF-8"?>
<testng-results ignored="0" total="1" passed="1" failed="0" skipped="0">
  <reporter-output>
  </reporter-output>
  <suite started-at="2023-05-26T08:50:41 IST" name="Default suite" finished-at="2023-05-26T08:50:57 IST" duration-ms="15902">
    <groups>
    </groups>
    <test started-at="2023-05-26T08:50:41 IST" name="Default test" finished-at="2023-05-26T08:50:57 IST" duration-ms="15902">
      <class name="testScripts.AddTestingCourseToMyCartTest">
        <test-method is-config="true" signature="classConfig()[pri:0, instance:testScripts.AddTestingCourseToMyCartTest@16610890]" started-at="2023-05-26T08:50:41 IST" name="classConfig" finished-at="2023-05-26T08:50:41 IST" duration-ms="584" status="PASS">
          <reporter-output>
          </reporter-output>
        </test-method> <!-- classConfig -->
        <test-method is-config="true" signature="methodConfig()[pri:0, instance:testScripts.AddTestingCourseToMyCartTest@16610890]" started-at="2023-05-26T08:50:41 IST" name="methodConfig" finished-at="2023-05-26T08:50:45 IST" duration-ms="3647" status="PASS">
          <reporter-output>
          </reporter-output>
        </test-method> <!-- methodConfig -->
        <test-method signature="addPythonToMyCartTest()[pri:0, instance:testScripts.AddTestingCourseToMyCartTest@16610890]" started-at="2023-05-26T08:50:45 IST" name="addPythonToMyCartTest" finished-at="2023-05-26T08:50:56 IST" duration-ms="11295" status="PASS">
          <reporter-output>
          </reporter-output>
        </test-method> <!-- addPythonToMyCartTest -->
        <test-method is-config="true" signature="methodTearDown()[pri:0, instance:testScripts.AddTestingCourseToMyCartTest@16610890]" started-at="2023-05-26T08:50:56 IST" name="methodTearDown" finished-at="2023-05-26T08:50:57 IST" duration-ms="337" status="PASS">
          <reporter-output>
          </reporter-output>
        </test-method> <!-- methodTearDown -->
        <test-method is-config="true" signature="classTearDown()[pri:0, instance:testScripts.AddTestingCourseToMyCartTest@16610890]" started-at="2023-05-26T08:50:57 IST" name="classTearDown" finished-at="2023-05-26T08:50:57 IST" duration-ms="0" status="PASS">
          <reporter-output>
          </reporter-output>
        </test-method> <!-- classTearDown -->
      </class> <!-- testScripts.AddTestingCourseToMyCartTest -->
    </test> <!-- Default test -->
  </suite> <!-- Default suite -->
</testng-results>
